Flutter crash report.
Please report a bug at https://github.com/flutter/flutter/issues.

## command

flutter run -d chrome

## exception

ShaderCompilerException: ShaderCompilerException: Shader compilation of "/opt/homebrew/Caskroom/flutter/3.29.3/flutter/packages/flutter/lib/src/material/shaders/ink_sparkle.frag" to "build/flutter_assets/shaders/ink_sparkle.frag" failed with exit code 1.
impellerc stdout:

impellerc stderr:
Could not write file to build/flutter_assets/shaders/ink_sparkle.frag




```
#0      ShaderCompiler.compileShader (package:flutter_tools/src/build_system/tools/shader_compiler.dart:194:9)
<asynchronous suspension>
#1      writeBundle.<anonymous closure> (package:flutter_tools/src/bundle_builder.dart:215:20)
<asynchronous suspension>
#2      Future.wait.<anonymous closure> (dart:async/future.dart:525:21)
<asynchronous suspension>
#3      writeBundle (package:flutter_tools/src/bundle_builder.dart:177:3)
<asynchronous suspension>
#4      WebDevFS.update (package:flutter_tools/src/isolated/devfs_web.dart:1106:9)
<asynchronous suspension>
#5      ResidentWebRunner._updateDevFS (package:flutter_tools/src/isolated/resident_web_runner.dart:729:35)
<asynchronous suspension>
#6      ResidentWebRunner.run.<anonymous closure> (package:flutter_tools/src/isolated/resident_web_runner.dart:337:41)
<asynchronous suspension>
#7      asyncGuard.<anonymous closure> (package:flutter_tools/src/base/async_guard.dart:109:26)
<asynchronous suspension>
```

## flutter doctor

```
[32m[âœ“][39m Flutter (Channel stable, 3.32.4, on macOS 15.5 24F74
    darwin-arm64, locale en-IN) [471ms]
    [32mâ€¢[39m Flutter version 3.32.4 on channel stable at
      /opt/homebrew/Caskroom/flutter/3.29.3/flutter
    [32mâ€¢[39m Upstream repository https://github.com/flutter/flutter.git
    [32mâ€¢[39m Framework revision 6fba2447e9 (4 weeks ago), 2025-06-12
      19:03:56 -0700
    [32mâ€¢[39m Engine revision 8cd19e509d
    [32mâ€¢[39m Dart version 3.8.1
    [32mâ€¢[39m DevTools version 2.45.1

[32m[âœ“][39m Android toolchain - develop for Android devices (Android SDK
    version 35.0.0) [2.6s]
    [32mâ€¢[39m Android SDK at /Users/vamshikrishna/Library/Android/sdk
    [32mâ€¢[39m Platform android-35, build-tools 35.0.0
    [32mâ€¢[39m ANDROID_SDK_ROOT = /Users/vamshikrishna/Library/Android/sdk
    [32mâ€¢[39m Java binary at: /Applications/Android
      Studio.app/Contents/jbr/Contents/Home/bin/java
      This is the JDK bundled with the latest Android Studio
      installation on this machine.
      To manually set the JDK path, use: `flutter config
      --jdk-dir="path/to/jdk"`.
    [32mâ€¢[39m Java version OpenJDK Runtime Environment (build
      21.0.3+-79915917-b509.11)
    [32mâ€¢[39m All Android licenses accepted.

[32m[âœ“][39m Xcode - develop for iOS and macOS (Xcode 16.3) [1,549ms]
    [32mâ€¢[39m Xcode at /Applications/Xcode.app/Contents/Developer
    [32mâ€¢[39m Build 16E140
    [32mâ€¢[39m CocoaPods version 1.16.2

[32m[âœ“][39m Chrome - develop for the web [6ms]
    [32mâ€¢[39m Chrome at /Applications/Google
      Chrome.app/Contents/MacOS/Google Chrome

[32m[âœ“][39m Android Studio (version 2024.2) [6ms]
    [32mâ€¢[39m Android Studio at /Applications/Android Studio.app/Contents
    [32mâ€¢[39m Flutter plugin can be installed from:
      ðŸ”¨ https://plugins.jetbrains.com/plugin/9212-flutter
    [32mâ€¢[39m Dart plugin can be installed from:
      ðŸ”¨ https://plugins.jetbrains.com/plugin/6351-dart
    [32mâ€¢[39m Java version OpenJDK Runtime Environment (build
      21.0.3+-79915917-b509.11)

[32m[âœ“][39m VS Code (version 1.101.2) [4ms]
    [32mâ€¢[39m VS Code at /Applications/Visual Studio Code.app/Contents
    [32mâ€¢[39m Flutter extension version 3.114.0

[32m[âœ“][39m Connected device (2 available) [6.5s]
    [32mâ€¢[39m macOS (desktop) â€¢ macos  â€¢ darwin-arm64   â€¢ macOS 15.5
      24F74 darwin-arm64
    [32mâ€¢[39m Chrome (web)    â€¢ chrome â€¢ web-javascript â€¢ Google Chrome
      138.0.7204.101

[33m[!][39m Network resources [108ms]
    [31mâœ—[39m A network error occurred while checking "https://pub.dev/":
      Failed host lookup: 'pub.dev'
    [31mâœ—[39m A network error occurred while checking
      "https://storage.googleapis.com/": Failed host lookup:
      'storage.googleapis.com'
    [31mâœ—[39m A network error occurred while checking
      "https://maven.google.com/": Failed host lookup:
      'maven.google.com'
    [31mâœ—[39m A network error occurred while checking
      "https://cocoapods.org/": Failed host lookup:
      'cocoapods.org'
    [31mâœ—[39m A network error occurred while checking
      "https://github.com/": Failed host lookup: 'github.com'

[33m![39m Doctor found issues in 1 category.
```
